[debug] [2020-05-24T07:31:50.861Z] ----------------------------------------------------------------------
[debug] [2020-05-24T07:31:50.866Z] Command:       /usr/local/bin/node /usr/local/bin/firebase serve
[debug] [2020-05-24T07:31:50.866Z] CLI Version:   8.4.0
[debug] [2020-05-24T07:31:50.867Z] Platform:      darwin
[debug] [2020-05-24T07:31:50.867Z] Node Version:  v10.16.3
[debug] [2020-05-24T07:31:50.868Z] Time:          Sun May 24 2020 00:31:50 GMT-0700 (Pacific Daylight Time)
[debug] [2020-05-24T07:31:50.868Z] ----------------------------------------------------------------------
[debug] [2020-05-24T07:31:50.868Z] 
[debug] [2020-05-24T07:31:50.888Z] > command requires scopes: ["email","openid","https://www.googleapis.com/auth/cloudplatformprojects.readonly","https://www.googleapis.com/auth/firebase","https://www.googleapis.com/auth/cloud-platform"]
[debug] [2020-05-24T07:31:50.889Z] > authorizing via signed-in user
[debug] [2020-05-24T07:31:50.889Z] [iam] checking project picchar-cli-2020 for permissions ["firebase.projects.get"]
[debug] [2020-05-24T07:31:50.895Z] >>> HTTP REQUEST POST https://cloudresourcemanager.googleapis.com/v1/projects/picchar-cli-2020:testIamPermissions  
 {"permissions":["firebase.projects.get"]}
[debug] [2020-05-24T07:31:51.224Z] <<< HTTP RESPONSE 200 {"content-type":"application/json; charset=UTF-8","vary":"X-Origin, Referer, Origin,Accept-Encoding","date":"Sun, 24 May 2020 07:31:51 GMT","server":"ESF","cache-control":"private","x-xss-protection":"0","x-frame-options":"SAMEORIGIN","x-content-type-options":"nosniff","server-timing":"gfet4t7; dur=149","alt-svc":"h3-27=\":443\"; ma=2592000,h3-25=\":443\"; ma=2592000,h3-T050=\":443\"; ma=2592000,h3-Q050=\":443\"; ma=2592000,h3-Q049=\":443\"; ma=2592000,h3-Q048=\":443\"; ma=2592000,h3-Q046=\":443\"; ma=2592000,h3-Q043=\":443\"; ma=2592000,quic=\":443\"; ma=2592000; v=\"46,43\"","accept-ranges":"none","transfer-encoding":"chunked"}
[debug] [2020-05-24T07:31:51.226Z] >>> HTTP REQUEST GET https://firebase.googleapis.com/v1beta1/projects/picchar-cli-2020  
 
[debug] [2020-05-24T07:31:51.451Z] <<< HTTP RESPONSE 200 {"content-type":"application/json; charset=UTF-8","vary":"X-Origin, Referer, Origin,Accept-Encoding","date":"Sun, 24 May 2020 07:31:51 GMT","server":"ESF","cache-control":"private","x-xss-protection":"0","x-frame-options":"SAMEORIGIN","x-content-type-options":"nosniff","alt-svc":"h3-27=\":443\"; ma=2592000,h3-25=\":443\"; ma=2592000,h3-T050=\":443\"; ma=2592000,h3-Q050=\":443\"; ma=2592000,h3-Q049=\":443\"; ma=2592000,h3-Q048=\":443\"; ma=2592000,h3-Q046=\":443\"; ma=2592000,h3-Q043=\":443\"; ma=2592000,quic=\":443\"; ma=2592000; v=\"46,43\"","accept-ranges":"none","transfer-encoding":"chunked"}
[info] 
[info] === Serving from '/Users/abhinavgurram/Documents/Hobby/fluttergram'...
[info] 
[warn] ⚠  Your requested "node" version "8" doesn't match your global version "10" {"metadata":{"emulator":{"name":"functions"},"message":"Your requested \"node\" version \"8\" doesn't match your global version \"10\""}}
[info] i  functions: Watching "/Users/abhinavgurram/Documents/Hobby/fluttergram/functions" for Cloud Functions... {"metadata":{"emulator":{"name":"functions"},"message":"Watching \"/Users/abhinavgurram/Documents/Hobby/fluttergram/functions\" for Cloud Functions..."}}
[debug] [2020-05-24T07:31:51.500Z] [worker-pool] addWorker(~diagnostic~) {"metadata":{"emulator":{"name":"functions"},"message":"[worker-pool] addWorker(~diagnostic~)"}}
[debug] [2020-05-24T07:31:51.502Z] [worker-pool] Adding worker with key ~diagnostic~, total=1 {"metadata":{"emulator":{"name":"functions"},"message":"[worker-pool] Adding worker with key ~diagnostic~, total=1"}}
[debug] [2020-05-24T07:31:51.503Z] [worker-pool] submitWork(triggerId=) {"metadata":{"emulator":{"name":"functions"},"message":"[worker-pool] submitWork(triggerId=)"}}
[debug] [2020-05-24T07:31:51.504Z] [worker-~diagnostic~-8f013655-4adb-41a1-8675-09ddd6927790]: Assigning socketPath: /var/folders/8v/fs6s1vl978gf4yv4yz8j0gqm0000gn/T/fire_emu_28812.sock {"metadata":{"emulator":{"name":"functions"},"message":"[worker-~diagnostic~-8f013655-4adb-41a1-8675-09ddd6927790]: Assigning socketPath: /var/folders/8v/fs6s1vl978gf4yv4yz8j0gqm0000gn/T/fire_emu_28812.sock"}}
[debug] [2020-05-24T07:31:51.504Z] [worker-~diagnostic~-8f013655-4adb-41a1-8675-09ddd6927790]: BUSY {"metadata":{"emulator":{"name":"functions"},"message":"[worker-~diagnostic~-8f013655-4adb-41a1-8675-09ddd6927790]: BUSY"}}
[debug] [2020-05-24T07:31:52.342Z] [runtime-status] [28812] Functions runtime initialized. {"cwd":"/Users/abhinavgurram/Documents/Hobby/fluttergram/functions","node_version":"10.16.3"} {"metadata":{"emulator":{"name":"functions"},"message":"[runtime-status] [28812] Functions runtime initialized. {\"cwd\":\"/Users/abhinavgurram/Documents/Hobby/fluttergram/functions\",\"node_version\":\"10.16.3\"}"}}
[debug] [2020-05-24T07:31:52.345Z] [runtime-status] [28812] Disabled runtime features: undefined {"metadata":{"emulator":{"name":"functions"},"message":"[runtime-status] [28812] Disabled runtime features: undefined"}}
[debug] [2020-05-24T07:31:52.350Z] [runtime-status] [28812] Resolved module firebase-admin {"declared":true,"installed":true,"version":"8.12.1","resolution":"/Users/abhinavgurram/Documents/Hobby/fluttergram/functions/node_modules/firebase-admin/lib/index.js"} {"metadata":{"emulator":{"name":"functions"},"message":"[runtime-status] [28812] Resolved module firebase-admin {\"declared\":true,\"installed\":true,\"version\":\"8.12.1\",\"resolution\":\"/Users/abhinavgurram/Documents/Hobby/fluttergram/functions/node_modules/firebase-admin/lib/index.js\"}"}}
[debug] [2020-05-24T07:31:52.354Z] [runtime-status] [28812] Resolved module firebase-functions {"declared":true,"installed":true,"version":"2.1.0","resolution":"/Users/abhinavgurram/Documents/Hobby/fluttergram/functions/node_modules/firebase-functions/lib/index.js"} {"metadata":{"emulator":{"name":"functions"},"message":"[runtime-status] [28812] Resolved module firebase-functions {\"declared\":true,\"installed\":true,\"version\":\"2.1.0\",\"resolution\":\"/Users/abhinavgurram/Documents/Hobby/fluttergram/functions/node_modules/firebase-functions/lib/index.js\"}"}}
[warn] ⚠  The Cloud Functions emulator requires the module "firebase-functions" to be version >3.3.0 so your version is too old. You can probably fix this by running "npm install firebase-functions@latest" in your functions directory. {"metadata":{"emulator":{"name":"functions"},"message":"The Cloud Functions emulator requires the module \"firebase-functions\" to be version >3.3.0 so your version is too old. You can probably fix this by running \"npm install firebase-functions@latest\" in your functions directory."}}
[info] i  functions: Your functions could not be parsed due to an issue with your node_modules (see above) {"metadata":{"emulator":{"name":"functions"},"message":"Your functions could not be parsed due to an issue with your node_modules (see above)"}}
[debug] [2020-05-24T07:31:52.377Z] [worker-~diagnostic~-8f013655-4adb-41a1-8675-09ddd6927790]: exited {"metadata":{"emulator":{"name":"functions"},"message":"[worker-~diagnostic~-8f013655-4adb-41a1-8675-09ddd6927790]: exited"}}
[debug] [2020-05-24T07:31:52.377Z] [worker-~diagnostic~-8f013655-4adb-41a1-8675-09ddd6927790]: FINISHED {"metadata":{"emulator":{"name":"functions"},"message":"[worker-~diagnostic~-8f013655-4adb-41a1-8675-09ddd6927790]: FINISHED"}}
