[debug] [2020-05-24T07:23:46.241Z] ----------------------------------------------------------------------
[debug] [2020-05-24T07:23:46.243Z] Command:       /usr/local/bin/node /usr/local/bin/firebase serve
[debug] [2020-05-24T07:23:46.244Z] CLI Version:   8.4.0
[debug] [2020-05-24T07:23:46.244Z] Platform:      darwin
[debug] [2020-05-24T07:23:46.244Z] Node Version:  v10.16.3
[debug] [2020-05-24T07:23:46.250Z] Time:          Sun May 24 2020 00:23:46 GMT-0700 (Pacific Daylight Time)
[debug] [2020-05-24T07:23:46.250Z] ----------------------------------------------------------------------
[debug] [2020-05-24T07:23:46.250Z] 
[debug] [2020-05-24T07:23:46.262Z] > command requires scopes: ["email","openid","https://www.googleapis.com/auth/cloudplatformprojects.readonly","https://www.googleapis.com/auth/firebase","https://www.googleapis.com/auth/cloud-platform"]
[debug] [2020-05-24T07:23:46.263Z] > authorizing via signed-in user
[debug] [2020-05-24T07:23:46.263Z] [iam] checking project picchar-cli-2020 for permissions ["firebase.projects.get"]
[debug] [2020-05-24T07:23:46.269Z] > refreshing access token with scopes: ["email","https://www.googleapis.com/auth/cloud-platform","https://www.googleapis.com/auth/cloudplatformprojects.readonly","https://www.googleapis.com/auth/firebase","openid"]
[debug] [2020-05-24T07:23:46.269Z] >>> HTTP REQUEST POST https://www.googleapis.com/oauth2/v3/token  
 <request body omitted>
[debug] [2020-05-24T07:23:46.582Z] <<< HTTP RESPONSE 200 {"content-type":"application/json; charset=utf-8","vary":"X-Origin, Referer, Origin,Accept-Encoding","date":"Sun, 24 May 2020 07:23:46 GMT","server":"scaffolding on HTTPServer2","cache-control":"private","x-xss-protection":"0","x-frame-options":"SAMEORIGIN","x-content-type-options":"nosniff","alt-svc":"h3-27=\":443\"; ma=2592000,h3-25=\":443\"; ma=2592000,h3-T050=\":443\"; ma=2592000,h3-Q050=\":443\"; ma=2592000,h3-Q049=\":443\"; ma=2592000,h3-Q048=\":443\"; ma=2592000,h3-Q046=\":443\"; ma=2592000,h3-Q043=\":443\"; ma=2592000,quic=\":443\"; ma=2592000; v=\"46,43\"","accept-ranges":"none","transfer-encoding":"chunked"}
[debug] [2020-05-24T07:23:46.597Z] >>> HTTP REQUEST POST https://cloudresourcemanager.googleapis.com/v1/projects/picchar-cli-2020:testIamPermissions  
 {"permissions":["firebase.projects.get"]}
[debug] [2020-05-24T07:23:46.777Z] <<< HTTP RESPONSE 200 {"content-type":"application/json; charset=UTF-8","vary":"X-Origin, Referer, Origin,Accept-Encoding","date":"Sun, 24 May 2020 07:23:46 GMT","server":"ESF","cache-control":"private","x-xss-protection":"0","x-frame-options":"SAMEORIGIN","x-content-type-options":"nosniff","server-timing":"gfet4t7; dur=50","alt-svc":"h3-27=\":443\"; ma=2592000,h3-25=\":443\"; ma=2592000,h3-T050=\":443\"; ma=2592000,h3-Q050=\":443\"; ma=2592000,h3-Q049=\":443\"; ma=2592000,h3-Q048=\":443\"; ma=2592000,h3-Q046=\":443\"; ma=2592000,h3-Q043=\":443\"; ma=2592000,quic=\":443\"; ma=2592000; v=\"46,43\"","accept-ranges":"none","transfer-encoding":"chunked"}
[debug] [2020-05-24T07:23:46.779Z] >>> HTTP REQUEST GET https://firebase.googleapis.com/v1beta1/projects/picchar-cli-2020  
 
[debug] [2020-05-24T07:23:47.022Z] <<< HTTP RESPONSE 200 {"content-type":"application/json; charset=UTF-8","vary":"X-Origin, Referer, Origin,Accept-Encoding","date":"Sun, 24 May 2020 07:23:47 GMT","server":"ESF","cache-control":"private","x-xss-protection":"0","x-frame-options":"SAMEORIGIN","x-content-type-options":"nosniff","alt-svc":"h3-27=\":443\"; ma=2592000,h3-25=\":443\"; ma=2592000,h3-T050=\":443\"; ma=2592000,h3-Q050=\":443\"; ma=2592000,h3-Q049=\":443\"; ma=2592000,h3-Q048=\":443\"; ma=2592000,h3-Q046=\":443\"; ma=2592000,h3-Q043=\":443\"; ma=2592000,quic=\":443\"; ma=2592000; v=\"46,43\"","accept-ranges":"none","transfer-encoding":"chunked"}
[info] 
[info] === Serving from '/Users/abhinavgurram/Documents/Hobby/fluttergram'...
[info] 
[warn] ⚠  Your requested "node" version "8" doesn't match your global version "10" {"metadata":{"emulator":{"name":"functions"},"message":"Your requested \"node\" version \"8\" doesn't match your global version \"10\""}}
[info] i  functions: Watching "/Users/abhinavgurram/Documents/Hobby/fluttergram/functions" for Cloud Functions... {"metadata":{"emulator":{"name":"functions"},"message":"Watching \"/Users/abhinavgurram/Documents/Hobby/fluttergram/functions\" for Cloud Functions..."}}
[debug] [2020-05-24T07:23:47.054Z] [worker-pool] addWorker(~diagnostic~) {"metadata":{"emulator":{"name":"functions"},"message":"[worker-pool] addWorker(~diagnostic~)"}}
[debug] [2020-05-24T07:23:47.055Z] [worker-pool] Adding worker with key ~diagnostic~, total=1 {"metadata":{"emulator":{"name":"functions"},"message":"[worker-pool] Adding worker with key ~diagnostic~, total=1"}}
[debug] [2020-05-24T07:23:47.055Z] [worker-pool] submitWork(triggerId=) {"metadata":{"emulator":{"name":"functions"},"message":"[worker-pool] submitWork(triggerId=)"}}
[debug] [2020-05-24T07:23:47.055Z] [worker-~diagnostic~-6f480d97-d918-497f-8715-efd9bfc8141f]: Assigning socketPath: /var/folders/8v/fs6s1vl978gf4yv4yz8j0gqm0000gn/T/fire_emu_25068.sock {"metadata":{"emulator":{"name":"functions"},"message":"[worker-~diagnostic~-6f480d97-d918-497f-8715-efd9bfc8141f]: Assigning socketPath: /var/folders/8v/fs6s1vl978gf4yv4yz8j0gqm0000gn/T/fire_emu_25068.sock"}}
[debug] [2020-05-24T07:23:47.056Z] [worker-~diagnostic~-6f480d97-d918-497f-8715-efd9bfc8141f]: BUSY {"metadata":{"emulator":{"name":"functions"},"message":"[worker-~diagnostic~-6f480d97-d918-497f-8715-efd9bfc8141f]: BUSY"}}
[debug] [2020-05-24T07:23:47.572Z] [runtime-status] [25068] Functions runtime initialized. {"cwd":"/Users/abhinavgurram/Documents/Hobby/fluttergram/functions","node_version":"10.16.3"} {"metadata":{"emulator":{"name":"functions"},"message":"[runtime-status] [25068] Functions runtime initialized. {\"cwd\":\"/Users/abhinavgurram/Documents/Hobby/fluttergram/functions\",\"node_version\":\"10.16.3\"}"}}
[debug] [2020-05-24T07:23:47.574Z] [runtime-status] [25068] Disabled runtime features: undefined {"metadata":{"emulator":{"name":"functions"},"message":"[runtime-status] [25068] Disabled runtime features: undefined"}}
[debug] [2020-05-24T07:23:47.579Z] [runtime-status] [25068] Resolved module firebase-admin {"declared":true,"installed":true,"version":"6.1.0","resolution":"/Users/abhinavgurram/Documents/Hobby/fluttergram/functions/node_modules/firebase-admin/lib/index.js"} {"metadata":{"emulator":{"name":"functions"},"message":"[runtime-status] [25068] Resolved module firebase-admin {\"declared\":true,\"installed\":true,\"version\":\"6.1.0\",\"resolution\":\"/Users/abhinavgurram/Documents/Hobby/fluttergram/functions/node_modules/firebase-admin/lib/index.js\"}"}}
[warn] ⚠  The Cloud Functions emulator requires the module "firebase-admin" to be version >8.9.0 so your version is too old. You can probably fix this by running "npm install firebase-admin@latest" in your functions directory. {"metadata":{"emulator":{"name":"functions"},"message":"The Cloud Functions emulator requires the module \"firebase-admin\" to be version >8.9.0 so your version is too old. You can probably fix this by running \"npm install firebase-admin@latest\" in your functions directory."}}
[info] i  functions: Your functions could not be parsed due to an issue with your node_modules (see above) {"metadata":{"emulator":{"name":"functions"},"message":"Your functions could not be parsed due to an issue with your node_modules (see above)"}}
[debug] [2020-05-24T07:23:47.604Z] [worker-~diagnostic~-6f480d97-d918-497f-8715-efd9bfc8141f]: exited {"metadata":{"emulator":{"name":"functions"},"message":"[worker-~diagnostic~-6f480d97-d918-497f-8715-efd9bfc8141f]: exited"}}
[debug] [2020-05-24T07:23:47.605Z] [worker-~diagnostic~-6f480d97-d918-497f-8715-efd9bfc8141f]: FINISHED {"metadata":{"emulator":{"name":"functions"},"message":"[worker-~diagnostic~-6f480d97-d918-497f-8715-efd9bfc8141f]: FINISHED"}}
